#
# There is insufficient memory for the Java Runtime Environment to continue.
# Native memory allocation (mmap) failed to map 264241152 bytes for G1 virtual space
# Possible reasons:
#   The system is out of physical RAM or swap space
#   The process is running with CompressedOops enabled, and the Java Heap may be blocking the growth of the native heap
# Possible solutions:
#   Reduce memory load on the system
#   Increase physical memory or swap space
#   Check if swap backing store is full
#   Decrease Java heap size (-Xmx/-Xms)
#   Decrease number of Java threads
#   Decrease Java thread stack sizes (-Xss)
#   Set larger code cache with -XX:ReservedCodeCacheSize=
#   JVM is running with Zero Based Compressed Oops mode in which the Java heap is
#     placed in the first 32GB address space. The Java Heap base address is the
#     maximum limit for the native heap growth. Please use -XX:HeapBaseMinAddress
#     to set the Java Heap base and to place the Java Heap above 32GB virtual address.
# This output file may be truncated or incomplete.
#
#  Out of Memory Error (os_windows.cpp:3829), pid=51968, tid=16156
#
# JRE version:  (17.0.8+7) (build )
# Java VM: OpenJDK 64-Bit Server VM (17.0.8+7-b1000.22, mixed mode, sharing, tiered, compressed oops, compressed class ptrs, g1 gc, windows-amd64)
# No core dump will be written. Minidumps are not enabled by default on client versions of Windows
#

---------------  S U M M A R Y ------------

Command Line: com.intellij.util.ReadEnv

Host: 11th Gen Intel(R) Core(TM) i5-11300H @ 3.10GHz, 8 cores, 15G,  Windows 11 , 64 bit Build 22621 (10.0.22621.3139)
Time: Fri Mar 15 00:21:58 2024 India Standard Time elapsed time: 0.025568 seconds (0d 0h 0m 0s)

---------------  T H R E A D  ---------------

Current thread (0x00000170b9b0a5b0):  JavaThread "Unknown thread" [_thread_in_vm, id=16156, stack(0x0000003be1200000,0x0000003be1300000)]

Stack: [0x0000003be1200000,0x0000003be1300000]
Native frames: (J=compiled Java code, j=interpreted, Vv=VM code, C=native code)
V  [jvm.dll+0x6852da]
V  [jvm.dll+0x844c84]
V  [jvm.dll+0x84659e]
V  [jvm.dll+0x846c03]
V  [jvm.dll+0x24b7cf]
V  [jvm.dll+0x682049]
V  [jvm.dll+0x67671a]
V  [jvm.dll+0x30be2b]
V  [jvm.dll+0x3132d6]
V  [jvm.dll+0x36302e]
V  [jvm.dll+0x36325f]
V  [jvm.dll+0x2e1f48]
V  [jvm.dll+0x2e2eb4]
V  [jvm.dll+0x815c11]
V  [jvm.dll+0x370df1]
V  [jvm.dll+0x7f4fdc]
V  [jvm.dll+0x3f3f1f]
V  [jvm.dll+0x3f5b31]
C  [jli.dll+0x528f]
C  [ucrtbase.dll+0x29363]
C  [KERNEL32.DLL+0x1257d]
C  [ntdll.dll+0x5aa58]


---------------  P R O C E S S  ---------------

Threads class SMR info:
_java_thread_list=0x00007ff94ae40098, length=0, elements={
}

Java Threads: ( => current thread )

Other Threads:
  0x00000170b9b76c60 GCTaskThread "GC Thread#0" [stack: 0x0000003be1300000,0x0000003be1400000] [id=23840]
  0x00000170b9b877b0 ConcurrentGCThread "G1 Main Marker" [stack: 0x0000003be1400000,0x0000003be1500000] [id=54340]
  0x00000170b9b881c0 ConcurrentGCThread "G1 Conc#0" [stack: 0x0000003be1500000,0x0000003be1600000] [id=58120]

[error occurred during error reporting (printing all threads), id 0xc0000005, EXCEPTION_ACCESS_VIOLATION (0xc0000005) at pc=0x00007ff94a5f2ab7]

VM state: not at safepoint (not fully initialized)

VM Mutex/Monitor currently owned by a thread:  ([mutex/lock_event])
[0x00000170b9b05990] Heap_lock - owner thread: 0x00000170b9b0a5b0

Heap address: 0x0000000704000000, size: 4032 MB, Compressed Oops mode: Zero based, Oop shift amount: 3

CDS archive(s) mapped at: [0x0000000000000000-0x0000000000000000-0x0000000000000000), size 0, SharedBaseAddress: 0x0000000800000000, ArchiveRelocationMode: 1.
Narrow klass base: 0x0000000000000000, Narrow klass shift: 0, Narrow klass range: 0x0

GC Precious Log:
<Empty>

Heap:
 garbage-first heap   total 0K, used 0K [0x0000000704000000, 0x0000000800000000)
  region size 2048K, 0 young (0K), 0 survivors (0K)
 Metaspace       used 0K, committed 0K, reserved 0K
  class space    used 0K, committed 0K, reserved 0K

Heap Regions: E=young(eden), S=young(survivor), O=old, HS=humongous(starts), HC=humongous(continues), CS=collection set, F=free, OA=open archive, CA=closed archive, TAMS=top-at-mark-start (previous, next)

Card table byte_map: [0x00000170ceca0000,0x00000170cf480000] _byte_map_base: 0x00000170cb480000

Marking Bits (Prev, Next): (CMBitMap*) 0x00000170b9b77280, (CMBitMap*) 0x00000170b9b772c0
 Prev Bits: [0x00000170cfc60000, 0x00000170d3b60000)
 Next Bits: [0x00000170d3b60000, 0x00000170d7a60000)

GC Heap History (0 events):
No events

Dll operation events (1 events):
Event: 0.018 Loaded shared library C:\Program Files\JetBrains\PyCharm 2023.1.4\jbr\bin\java.dll

Deoptimization events (0 events):
No events

Classes unloaded (0 events):
No events

Classes redefined (0 events):
No events

Internal exceptions (0 events):
No events

VM Operations (0 events):
No events

Events (0 events):
No events


Dynamic libraries:
0x00007ff768060000 - 0x00007ff76806a000 	C:\Program Files\JetBrains\PyCharm 2023.1.4\jbr\bin\java.exe
0x00007ff9b6e10000 - 0x00007ff9b7026000 	C:\WINDOWS\SYSTEM32\ntdll.dll
0x00007ff9b54f0000 - 0x00007ff9b55b4000 	C:\WINDOWS\System32\KERNEL32.DLL
0x00007ff9b47a0000 - 0x00007ff9b4b46000 	C:\WINDOWS\System32\KERNELBASE.dll
0x00007ff9b4320000 - 0x00007ff9b4431000 	C:\WINDOWS\System32\ucrtbase.dll
0x00007ff99e270000 - 0x00007ff99e287000 	C:\Program Files\JetBrains\PyCharm 2023.1.4\jbr\bin\jli.dll
0x00007ff9b5f40000 - 0x00007ff9b60ed000 	C:\WINDOWS\System32\USER32.dll
0x00007ff9b44b0000 - 0x00007ff9b44d6000 	C:\WINDOWS\System32\win32u.dll
0x00007ff9b4e20000 - 0x00007ff9b4e49000 	C:\WINDOWS\System32\GDI32.dll
0x00007ff9b4680000 - 0x00007ff9b4798000 	C:\WINDOWS\System32\gdi32full.dll
0x00007ff9933c0000 - 0x00007ff9933db000 	C:\Program Files\JetBrains\PyCharm 2023.1.4\jbr\bin\VCRUNTIME140.dll
0x00007ff9b4200000 - 0x00007ff9b429a000 	C:\WINDOWS\System32\msvcp_win.dll
0x00007ff990c90000 - 0x00007ff990f23000 	C:\WINDOWS\WinSxS\amd64_microsoft.windows.common-controls_6595b64144ccf1df_6.0.22621.3139_none_270f19e5738675cb\COMCTL32.dll
0x00007ff9b4f60000 - 0x00007ff9b5007000 	C:\WINDOWS\System32\msvcrt.dll
0x00007ff9b61b0000 - 0x00007ff9b61e1000 	C:\WINDOWS\System32\IMM32.DLL
0x00007ff99ca40000 - 0x00007ff99ca4c000 	C:\Program Files\JetBrains\PyCharm 2023.1.4\jbr\bin\vcruntime140_1.dll
0x00007ff955010000 - 0x00007ff95509d000 	C:\Program Files\JetBrains\PyCharm 2023.1.4\jbr\bin\msvcp140.dll
0x00007ff94a300000 - 0x00007ff94af83000 	C:\Program Files\JetBrains\PyCharm 2023.1.4\jbr\bin\server\jvm.dll
0x00007ff9b60f0000 - 0x00007ff9b61a2000 	C:\WINDOWS\System32\ADVAPI32.dll
0x00007ff9b5440000 - 0x00007ff9b54e8000 	C:\WINDOWS\System32\sechost.dll
0x00007ff9b4650000 - 0x00007ff9b4678000 	C:\WINDOWS\System32\bcrypt.dll
0x00007ff9b5010000 - 0x00007ff9b5125000 	C:\WINDOWS\System32\RPCRT4.dll
0x00007ff9b4010000 - 0x00007ff9b405d000 	C:\WINDOWS\SYSTEM32\POWRPROF.dll
0x00007ff97e0b0000 - 0x00007ff97e0b9000 	C:\WINDOWS\SYSTEM32\WSOCK32.dll
0x00007ff9b5ec0000 - 0x00007ff9b5f31000 	C:\WINDOWS\System32\WS2_32.dll
0x00007ff9b1b00000 - 0x00007ff9b1b34000 	C:\WINDOWS\SYSTEM32\WINMM.dll
0x00007ff9a9520000 - 0x00007ff9a952a000 	C:\WINDOWS\SYSTEM32\VERSION.dll
0x00007ff9b3ff0000 - 0x00007ff9b4003000 	C:\WINDOWS\SYSTEM32\UMPDC.dll
0x00007ff9b3150000 - 0x00007ff9b3168000 	C:\WINDOWS\SYSTEM32\kernel.appcore.dll
0x00007ff9a8880000 - 0x00007ff9a888a000 	C:\Program Files\JetBrains\PyCharm 2023.1.4\jbr\bin\jimage.dll
0x00007ff9b1840000 - 0x00007ff9b1a73000 	C:\WINDOWS\SYSTEM32\DBGHELP.DLL
0x00007ff9b55c0000 - 0x00007ff9b5948000 	C:\WINDOWS\System32\combase.dll
0x00007ff9b4d40000 - 0x00007ff9b4e17000 	C:\WINDOWS\System32\OLEAUT32.dll
0x00007ff9b1ac0000 - 0x00007ff9b1af2000 	C:\WINDOWS\SYSTEM32\dbgcore.DLL
0x00007ff9b42a0000 - 0x00007ff9b431a000 	C:\WINDOWS\System32\bcryptPrimitives.dll
0x00007ff99a250000 - 0x00007ff99a275000 	C:\Program Files\JetBrains\PyCharm 2023.1.4\jbr\bin\java.dll

dbghelp: loaded successfully - version: 4.0.5 - missing functions: none
symbol engine: initialized successfully - sym options: 0x614 - pdb path: .;C:\Program Files\JetBrains\PyCharm 2023.1.4\jbr\bin;C:\WINDOWS\SYSTEM32;C:\WINDOWS\WinSxS\amd64_microsoft.windows.common-controls_6595b64144ccf1df_6.0.22621.3139_none_270f19e5738675cb;C:\Program Files\JetBrains\PyCharm 2023.1.4\jbr\bin\server

VM Arguments:
java_command: com.intellij.util.ReadEnv
java_class_path (initial): C:\Program Files\JetBrains\PyCharm 2023.1.4\lib\util_rt.jar
Launcher Type: SUN_STANDARD

[Global flags]
     intx CICompilerCount                          = 4                                         {product} {ergonomic}
     uint ConcGCThreads                            = 2                                         {product} {ergonomic}
     uint G1ConcRefinementThreads                  = 8                                         {product} {ergonomic}
   size_t G1HeapRegionSize                         = 2097152                                   {product} {ergonomic}
    uintx GCDrainStackTargetSize                   = 64                                        {product} {ergonomic}
   size_t InitialHeapSize                          = 264241152                                 {product} {ergonomic}
   size_t MarkStackSize                            = 4194304                                   {product} {ergonomic}
   size_t MaxHeapSize                              = 4227858432                                {product} {ergonomic}
   size_t MinHeapDeltaBytes                        = 2097152                                   {product} {ergonomic}
   size_t MinHeapSize                              = 8388608                                   {product} {ergonomic}
    uintx NonNMethodCodeHeapSize                   = 5839372                                {pd product} {ergonomic}
    uintx NonProfiledCodeHeapSize                  = 122909434                              {pd product} {ergonomic}
    uintx ProfiledCodeHeapSize                     = 122909434                              {pd product} {ergonomic}
    uintx ReservedCodeCacheSize                    = 251658240                              {pd product} {ergonomic}
     bool SegmentedCodeCache                       = true                                      {product} {ergonomic}
   size_t SoftMaxHeapSize                          = 4227858432                             {manageable} {ergonomic}
     bool UseCompressedClassPointers               = true                           {product lp64_product} {ergonomic}
     bool UseCompressedOops                        = true                           {product lp64_product} {ergonomic}
     bool UseG1GC                                  = true                                      {product} {ergonomic}
     bool UseLargePagesIndividualAllocation        = false                                  {pd product} {ergonomic}

Logging:
Log output configuration:
 #0: stdout all=warning uptime,level,tags
 #1: stderr all=off uptime,level,tags

Environment Variables:
PATH=D:\Users\srish\PycharmProjects\CryptoGuardian\Scripts;C:\WINDOWS\system32;C:\WINDOWS;C:\WINDOWS\System32\Wbem;C:\WINDOWS\System32\WindowsPowerShell\v1.0\;C:\WINDOWS\System32\OpenSSH\;C:\ProgramData\chocolatey\bin;C:\Program Files\dotnet\;D:\Program Files\Git\cmd;C:\Program Files\MySQL\MySQL Shell 8.0\bin\;C:\WINDOWS\system32;C:\WINDOWS;C:\WINDOWS\System32\Wbem;C:\WINDOWS\System32\WindowsPowerShell\v1.0\;C:\WINDOWS\System32\OpenSSH\;C:\ProgramData\chocolatey\bin;C:\Program Files\dotnet\;D:\Program Files\Git\cmd;C:\Users\srish\PycharmProjects\myenv\Scripts;D:\Program Files\JetBrains\PhpStorm 2023.3.2\bin;;D:\Program Files\heroku\bin
USERNAME=srish
OS=Windows_NT
PROCESSOR_IDENTIFIER=Intel64 Family 6 Model 140 Stepping 1, GenuineIntel
TMP=C:\Users\srish\AppData\Local\Temp
TEMP=C:\Users\srish\AppData\Local\Temp


JNI global refs:
JNI global refs: 0, weak refs: 0

JNI global refs memory usage: 0, weak refs: 0

OOME stack traces (most recent first):
Classloader memory used:


---------------  S Y S T E M  ---------------

OS:
 Windows 11 , 64 bit Build 22621 (10.0.22621.3139)
OS uptime: 3 days 8:22 hours
Hyper-V role detected

CPU: total 8 (initial active 8) (4 cores per cpu, 2 threads per core) family 6 model 140 stepping 1 microcode 0xa4, cx8, cmov, fxsr, ht, mmx, 3dnowpref, sse, sse2, sse3, ssse3, sse4.1, sse4.2, popcnt, lzcnt, tsc, tscinvbit, avx, avx2, aes, erms, clmul, bmi1, bmi2, adx, avx512f, avx512dq, avx512cd, avx512bw, avx512vl, sha, fma, vzeroupper, avx512_vpopcntdq, avx512_vpclmulqdq, avx512_vaes, avx512_vnni, clflush, clflushopt, clwb, avx512_vbmi2, avx512_vbmi, hv
Processor Information for processor 0
  Max Mhz: 2611, Current Mhz: 1205, Mhz Limit: 2611
Processor Information for processor 1
  Max Mhz: 2611, Current Mhz: 2611, Mhz Limit: 2611
Processor Information for processor 2
  Max Mhz: 2611, Current Mhz: 2611, Mhz Limit: 2611
Processor Information for processor 3
  Max Mhz: 2611, Current Mhz: 2611, Mhz Limit: 2611
Processor Information for processor 4
  Max Mhz: 2611, Current Mhz: 1205, Mhz Limit: 2611
Processor Information for processor 5
  Max Mhz: 2611, Current Mhz: 2611, Mhz Limit: 2611
Processor Information for processor 6
  Max Mhz: 2611, Current Mhz: 2611, Mhz Limit: 2611
Processor Information for processor 7
  Max Mhz: 2611, Current Mhz: 2611, Mhz Limit: 2611

Memory: 4k page, system-wide physical 16122M (1452M free)
TotalPageFile size 26693M (AvailPageFile size 163M)
current process WorkingSet (physical memory assigned to process): 11M, peak: 11M
current process commit charge ("private bytes"): 60M, peak: 312M

vm_info: OpenJDK 64-Bit Server VM (17.0.8+7-b1000.22) for windows-amd64 JRE (17.0.8+7-b1000.22), built on 2023-09-02 by "builduser" with MS VC++ 16.10 / 16.11 (VS2019)

END.
